<?xml version="1.0" encoding="UTF-8"?>
<!-- Generated by org.testng.reporters.JUnitReportReporter -->
<testsuite hostname="DESKTOP-7JNH5RK" failures="0" tests="1" name="TestNG.CreateNewContactTest" time="18.704" errors="0" timestamp="2021-08-04T12:06:24 SGT" skipped="0">
  <testcase classname="TestNG.CreateNewContactTest" name="createNewContact" time="18.704"/>
  <system-out/>
</testsuite> <!-- TestNG.CreateNewContactTest -->
