<?xml version="1.0" encoding="UTF-8"?>
<!-- Generated by org.testng.reporters.JUnitReportReporter -->
<testsuite hostname="DESKTOP-7JNH5RK" failures="0" tests="1" name="TestNG.NewTest" time="18.760" errors="0" timestamp="2021-08-03T13:39:44 SGT" skipped="0">
  <testcase classname="TestNG.NewTest" name="createNewContact" time="18.760"/>
  <system-out/>
</testsuite> <!-- TestNG.NewTest -->
